Configuration input file is: sample_var.yaml
Configuration input file is: sample_var.yaml
Configuration input file is: sample_var.yaml
Configuration input file is: sample_var.yaml
Configuration input file is: sample_var.yaml
Configuration input file is: sample_var.yaml
OOPS Starting 2023-07-10 10:19:13 (UTC-0500)
Configuration input file is: sample_var.yaml
OOPS Starting 2023-07-10 10:19:13 (UTC-0500)
Configuration input file is: sample_var.yaml
OOPS Starting 2023-07-10 10:19:13 (UTC-0500)
Configuration input file is: sample_var.yaml
OOPS Starting 2023-07-10 10:19:13 (UTC-0500)
Configuration input file is: sample_var.yaml
OOPS Starting 2023-07-10 10:19:13 (UTC-0500)
Configuration input file is: sample_var.yaml
OOPS Starting 2023-07-10 10:19:13 (UTC-0500)
Configuration input file is: sample_var.yaml
OOPS Starting 2023-07-10 10:19:13 (UTC-0500)
Configuration input file is: sample_var.yaml
OOPS Starting 2023-07-10 10:19:13 (UTC-0500)
Configuration input file is: sample_var.yaml
OOPS Starting 2023-07-10 10:19:13 (UTC-0500)
Configuration input file is: sample_var.yaml
OOPS Starting 2023-07-10 10:19:13 (UTC-0500)
Configuration input file is: sample_var.yaml
OOPS Starting 2023-07-10 10:19:13 (UTC-0500)
OOPS Starting 2023-07-10 10:19:13 (UTC-0500)
Configuration input file is: sample_var.yaml
OOPS Starting 2023-07-10 10:19:13 (UTC-0500)
Configuration input file is: sample_var.yaml
OOPS Starting 2023-07-10 10:19:13 (UTC-0500)
Configuration input file is: sample_var.yaml
Configuration input file is: sample_var.yaml
OOPS Starting 2023-07-10 10:19:13 (UTC-0500)
Configuration input file is: sample_var.yaml
OOPS Starting 2023-07-10 10:19:13 (UTC-0500)
Configuration input file is: sample_var.yaml
Configuration input file is: sample_var.yaml
OOPS Starting 2023-07-10 10:19:13 (UTC-0500)
Configuration input file is: sample_var.yaml
OOPS Starting 2023-07-10 10:19:13 (UTC-0500)
Configuration input file is: sample_var.yaml
OOPS Starting 2023-07-10 10:19:13 (UTC-0500)
Configuration input file is: sample_var.yaml
OOPS Starting 2023-07-10 10:19:13 (UTC-0500)
Configuration input file is: sample_var.yaml
OOPS Starting 2023-07-10 10:19:13 (UTC-0500)
Configuration input file is: sample_var.yaml
OOPS Starting 2023-07-10 10:19:13 (UTC-0500)
Configuration input file is: sample_var.yaml
OOPS Starting 2023-07-10 10:19:13 (UTC-0500)
Configuration input file is: sample_var.yaml
OOPS Starting 2023-07-10 10:19:13 (UTC-0500)
OOPS Starting 2023-07-10 10:19:13 (UTC-0500)
Configuration input file is: sample_var.yaml
OOPS Starting 2023-07-10 10:19:13 (UTC-0500)
OOPS Starting 2023-07-10 10:19:13 (UTC-0500)
Configuration input file is: sample_var.yaml
Configuration input file is: sample_var.yaml
OOPS Starting 2023-07-10 10:19:13 (UTC-0500)
Configuration input file is: sample_var.yaml
OOPS Starting 2023-07-10 10:19:13 (UTC-0500)
OOPS Starting 2023-07-10 10:19:13 (UTC-0500)
Configuration input file is: sample_var.yaml
OOPS Starting 2023-07-10 10:19:13 (UTC-0500)
Configuration input file is: sample_var.yaml
OOPS Starting 2023-07-10 10:19:13 (UTC-0500)
Configuration input file is: sample_var.yaml
Configuration input file is: sample_var.yaml
OOPS Starting 2023-07-10 10:19:13 (UTC-0500)
OOPS Starting 2023-07-10 10:19:13 (UTC-0500)
OOPS Starting 2023-07-10 10:19:13 (UTC-0500)
Configuration input file is: sample_var.yaml
Configuration input file is: sample_var.yaml
OOPS Starting 2023-07-10 10:19:13 (UTC-0500)
OOPS Starting 2023-07-10 10:19:13 (UTC-0500)
Configuration input file is: sample_var.yaml
OOPS Starting 2023-07-10 10:19:13 (UTC-0500)
Configuration input file is: sample_var.yaml
OOPS Starting 2023-07-10 10:19:13 (UTC-0500)
Configuration input file is: sample_var.yaml
OOPS Starting 2023-07-10 10:19:13 (UTC-0500)
Configuration input file is: sample_var.yaml
Configuration input file is: sample_var.yaml
Configuration input file is: sample_var.yaml
OOPS Starting 2023-07-10 10:19:13 (UTC-0500)
Configuration input file is: sample_var.yaml
Configuration input file is: sample_var.yaml
OOPS Starting 2023-07-10 10:19:13 (UTC-0500)
Configuration input file is: sample_var.yaml
OOPS Starting 2023-07-10 10:19:13 (UTC-0500)
Configuration input file is: sample_var.yaml
OOPS Starting 2023-07-10 10:19:13 (UTC-0500)
Configuration input file is: sample_var.yaml
OOPS Starting 2023-07-10 10:19:13 (UTC-0500)
Configuration input file is: sample_var.yaml
OOPS Starting 2023-07-10 10:19:13 (UTC-0500)
Configuration input file is: sample_var.yaml
OOPS Starting 2023-07-10 10:19:13 (UTC-0500)
Configuration input file is: sample_var.yaml
OOPS Starting 2023-07-10 10:19:13 (UTC-0500)
OOPS Starting 2023-07-10 10:19:13 (UTC-0500)
OOPS Starting 2023-07-10 10:19:13 (UTC-0500)
Configuration input file is: sample_var.yaml
OOPS Starting 2023-07-10 10:19:13 (UTC-0500)
Configuration input file is: sample_var.yaml
Configuration input file is: sample_var.yaml
OOPS Starting 2023-07-10 10:19:13 (UTC-0500)
OOPS Starting 2023-07-10 10:19:13 (UTC-0500)
Configuration input file is: sample_var.yaml
Configuration input file is: sample_var.yaml
OOPS Starting 2023-07-10 10:19:13 (UTC-0500)
Configuration input file is: sample_var.yaml
Configuration input file is: sample_var.yaml
OOPS Starting 2023-07-10 10:19:13 (UTC-0500)
OOPS Starting 2023-07-10 10:19:13 (UTC-0500)
Configuration input file is: sample_var.yaml
Configuration input file is: sample_var.yaml
OOPS Starting 2023-07-10 10:19:13 (UTC-0500)
OOPS Starting 2023-07-10 10:19:13 (UTC-0500)
OOPS Starting 2023-07-10 10:19:13 (UTC-0500)
Configuration input file is: sample_var.yaml
Configuration input file is: sample_var.yaml
Configuration input file is: sample_var.yaml
Configuration input file is: sample_var.yaml
Configuration input file is: sample_var.yaml
Configuration input file is: sample_var.yaml
OOPS Starting 2023-07-10 10:19:13 (UTC-0500)
OOPS Starting 2023-07-10 10:19:13 (UTC-0500)
Configuration input file is: sample_var.yaml
Configuration input file is: sample_var.yaml
Configuration input file is: sample_var.yaml
Configuration input file is: sample_var.yaml
OOPS Starting 2023-07-10 10:19:13 (UTC-0500)
OOPS Starting 2023-07-10 10:19:13 (UTC-0500)
OOPS Starting 2023-07-10 10:19:13 (UTC-0500)
Configuration input file is: sample_var.yaml
OOPS Starting 2023-07-10 10:19:13 (UTC-0500)
OOPS Starting 2023-07-10 10:19:13 (UTC-0500)
Configuration input file is: sample_var.yaml
OOPS Starting 2023-07-10 10:19:13 (UTC-0500)
OOPS Starting 2023-07-10 10:19:13 (UTC-0500)
OOPS Starting 2023-07-10 10:19:13 (UTC-0500)
Configuration input file is: sample_var.yaml
Configuration input file is: sample_var.yaml
Configuration input file is: sample_var.yaml
Configuration input file is: sample_var.yaml
OOPS Starting 2023-07-10 10:19:13 (UTC-0500)
Configuration input file is: sample_var.yaml
Configuration input file is: sample_var.yaml
Configuration input file is: sample_var.yaml
OOPS Starting 2023-07-10 10:19:13 (UTC-0500)
Configuration input file is: sample_var.yaml
OOPS Starting 2023-07-10 10:19:13 (UTC-0500)
OOPS Starting 2023-07-10 10:19:13 (UTC-0500)
OOPS Starting 2023-07-10 10:19:13 (UTC-0500)
Configuration input file is: sample_var.yaml
Configuration input file is: sample_var.yaml
OOPS Starting 2023-07-10 10:19:13 (UTC-0500)
OOPS Starting 2023-07-10 10:19:13 (UTC-0500)
OOPS Starting 2023-07-10 10:19:13 (UTC-0500)
OOPS Starting 2023-07-10 10:19:13 (UTC-0500)
OOPS Starting 2023-07-10 10:19:13 (UTC-0500)
OOPS Starting 2023-07-10 10:19:13 (UTC-0500)
Configuration input file is: sample_var.yaml
OOPS Starting 2023-07-10 10:19:13 (UTC-0500)
Configuration input file is: sample_var.yaml
OOPS Starting 2023-07-10 10:19:13 (UTC-0500)
Configuration input file is: sample_var.yaml
OOPS Starting 2023-07-10 10:19:13 (UTC-0500)
OOPS Starting 2023-07-10 10:19:13 (UTC-0500)
OOPS Starting 2023-07-10 10:19:13 (UTC-0500)
OOPS Starting 2023-07-10 10:19:13 (UTC-0500)
Configuration input file is: sample_var.yaml
OOPS Starting 2023-07-10 10:19:13 (UTC-0500)
Configuration input file is: sample_var.yaml
Configuration input file is: sample_var.yaml
OOPS Starting 2023-07-10 10:19:13 (UTC-0500)
Configuration input file is: sample_var.yaml
OOPS Starting 2023-07-10 10:19:13 (UTC-0500)
Configuration input file is: sample_var.yaml
OOPS Starting 2023-07-10 10:19:13 (UTC-0500)
OOPS Starting 2023-07-10 10:19:13 (UTC-0500)
OOPS Starting 2023-07-10 10:19:13 (UTC-0500)
Configuration input file is: sample_var.yaml
Configuration input file is: sample_var.yaml
OOPS Starting 2023-07-10 10:19:13 (UTC-0500)
Configuration input file is: sample_var.yaml
OOPS Starting 2023-07-10 10:19:13 (UTC-0500)
Configuration input file is: sample_var.yaml
OOPS Starting 2023-07-10 10:19:13 (UTC-0500)
Configuration input file is: sample_var.yaml
Configuration input file is: sample_var.yaml
OOPS Starting 2023-07-10 10:19:13 (UTC-0500)
Configuration input file is: sample_var.yaml
Configuration input file is: sample_var.yaml
OOPS Starting 2023-07-10 10:19:13 (UTC-0500)
Configuration input file is: sample_var.yaml
OOPS Starting 2023-07-10 10:19:13 (UTC-0500)
Configuration input file is: sample_var.yaml
OOPS Starting 2023-07-10 10:19:13 (UTC-0500)
OOPS Starting 2023-07-10 10:19:13 (UTC-0500)
OOPS Starting 2023-07-10 10:19:13 (UTC-0500)
OOPS Starting 2023-07-10 10:19:13 (UTC-0500)
OOPS Starting 2023-07-10 10:19:13 (UTC-0500)
Configuration input file is: sample_var.yaml
Configuration input file is: sample_var.yaml
OOPS Starting 2023-07-10 10:19:13 (UTC-0500)
Configuration input file is: sample_var.yaml
Configuration input file is: sample_var.yaml
OOPS Starting 2023-07-10 10:19:13 (UTC-0500)
OOPS Starting 2023-07-10 10:19:13 (UTC-0500)
OOPS Starting 2023-07-10 10:19:13 (UTC-0500)
Configuration input file is: sample_var.yaml
Configuration input file is: sample_var.yaml
OOPS Starting 2023-07-10 10:19:13 (UTC-0500)
Configuration input file is: sample_var.yaml
OOPS Starting 2023-07-10 10:19:13 (UTC-0500)
Configuration input file is: sample_var.yaml
OOPS Starting 2023-07-10 10:19:13 (UTC-0500)
Configuration input file is: sample_var.yaml
OOPS Starting 2023-07-10 10:19:13 (UTC-0500)
Configuration input file is: sample_var.yaml
OOPS Starting 2023-07-10 10:19:13 (UTC-0500)
Configuration input file is: sample_var.yaml
OOPS Starting 2023-07-10 10:19:13 (UTC-0500)
Configuration input file is: sample_var.yaml
OOPS Starting 2023-07-10 10:19:13 (UTC-0500)
Configuration input file is: sample_var.yaml
OOPS Starting 2023-07-10 10:19:13 (UTC-0500)
Configuration input file is: sample_var.yaml
OOPS Starting 2023-07-10 10:19:13 (UTC-0500)
Configuration input file is: sample_var.yaml
OOPS Starting 2023-07-10 10:19:13 (UTC-0500)
Configuration input file is: sample_var.yaml
OOPS Starting 2023-07-10 10:19:13 (UTC-0500)
Configuration input file is: sample_var.yaml
OOPS Starting 2023-07-10 10:19:13 (UTC-0500)
Configuration input file is: sample_var.yaml
OOPS Starting 2023-07-10 10:19:13 (UTC-0500)
Configuration input file is: sample_var.yaml
OOPS Starting 2023-07-10 10:19:13 (UTC-0500)
Configuration input file is: sample_var.yaml
OOPS Starting 2023-07-10 10:19:13 (UTC-0500)
Configuration input file is: sample_var.yaml
OOPS Starting 2023-07-10 10:19:13 (UTC-0500)
Configuration input file is: sample_var.yaml
OOPS Starting 2023-07-10 10:19:13 (UTC-0500)
OOPS Starting 2023-07-10 10:19:13 (UTC-0500)
Configuration input file is: sample_var.yaml
OOPS Starting 2023-07-10 10:19:13 (UTC-0500)
Configuration input file is: sample_var.yaml
OOPS Starting 2023-07-10 10:19:13 (UTC-0500)
Configuration input file is: sample_var.yaml
OOPS Starting 2023-07-10 10:19:13 (UTC-0500)
Configuration input file is: sample_var.yaml
OOPS Starting 2023-07-10 10:19:13 (UTC-0500)
Configuration input file is: sample_var.yaml
OOPS Starting 2023-07-10 10:19:13 (UTC-0500)
Configuration input file is: sample_var.yaml
OOPS Starting 2023-07-10 10:19:13 (UTC-0500)
Configuration input file is: sample_var.yaml
OOPS Starting 2023-07-10 10:19:13 (UTC-0500)
Configuration input file is: sample_var.yaml
OOPS Starting 2023-07-10 10:19:13 (UTC-0500)
Configuration input file is: sample_var.yaml
OOPS Starting 2023-07-10 10:19:13 (UTC-0500)
Configuration input file is: sample_var.yaml
OOPS Starting 2023-07-10 10:19:13 (UTC-0500)
Configuration input file is: sample_var.yaml
OOPS Starting 2023-07-10 10:19:13 (UTC-0500)
Configuration input file is: sample_var.yaml
OOPS Starting 2023-07-10 10:19:13 (UTC-0500)
Configuration input file is: sample_var.yaml
OOPS Starting 2023-07-10 10:19:13 (UTC-0500)
Configuration input file is: sample_var.yaml
OOPS Starting 2023-07-10 10:19:13 (UTC-0500)
Configuration input file is: sample_var.yaml
OOPS Starting 2023-07-10 10:19:13 (UTC-0500)
Configuration input file is: sample_var.yaml
OOPS Starting 2023-07-10 10:19:13 (UTC-0500)
Configuration input file is: sample_var.yaml
OOPS Starting 2023-07-10 10:19:13 (UTC-0500)
Configuration input file is: sample_var.yaml
OOPS Starting 2023-07-10 10:19:13 (UTC-0500)
Configuration input file is: sample_var.yaml
OOPS Starting 2023-07-10 10:19:13 (UTC-0500)
Configuration input file is: sample_var.yaml
Configuration input file is: sample_var.yaml
OOPS Starting 2023-07-10 10:19:13 (UTC-0500)
Configuration input file is: sample_var.yaml
OOPS Starting 2023-07-10 10:19:13 (UTC-0500)
Configuration input file is: sample_var.yaml
OOPS Starting 2023-07-10 10:19:13 (UTC-0500)
Configuration input file is: sample_var.yaml
OOPS Starting 2023-07-10 10:19:13 (UTC-0500)
Configuration input file is: sample_var.yaml
OOPS Starting 2023-07-10 10:19:13 (UTC-0500)
Configuration input file is: sample_var.yaml
OOPS Starting 2023-07-10 10:19:13 (UTC-0500)
Configuration input file is: sample_var.yaml
OOPS Starting 2023-07-10 10:19:13 (UTC-0500)
Configuration input file is: sample_var.yaml
OOPS Starting 2023-07-10 10:19:13 (UTC-0500)
Configuration input file is: sample_var.yaml
OOPS Starting 2023-07-10 10:19:13 (UTC-0500)
Configuration input file is: sample_var.yaml
OOPS Starting 2023-07-10 10:19:13 (UTC-0500)
Configuration input file is: sample_var.yaml
OOPS Starting 2023-07-10 10:19:13 (UTC-0500)
OOPS Starting 2023-07-10 10:19:13 (UTC-0500)
Configuration input file is: sample_var.yaml
OOPS Starting 2023-07-10 10:19:13 (UTC-0500)
Configuration input file is: sample_var.yaml
OOPS Starting 2023-07-10 10:19:13 (UTC-0500)
Configuration input file is: sample_var.yaml
OOPS Starting 2023-07-10 10:19:13 (UTC-0500)
Configuration input file is: sample_var.yaml
OOPS Starting 2023-07-10 10:19:13 (UTC-0500)
Configuration input file is: sample_var.yaml
OOPS Starting 2023-07-10 10:19:13 (UTC-0500)
Configuration input file is: sample_var.yaml
OOPS Starting 2023-07-10 10:19:13 (UTC-0500)
Configuration input file is: sample_var.yaml
OOPS Starting 2023-07-10 10:19:13 (UTC-0500)
Configuration input file is: sample_var.yaml
OOPS Starting 2023-07-10 10:19:13 (UTC-0500)
Configuration input file is: sample_var.yaml
OOPS Starting 2023-07-10 10:19:13 (UTC-0500)
Configuration input file is: sample_var.yaml
OOPS Starting 2023-07-10 10:19:13 (UTC-0500)
Configuration input file is: sample_var.yaml
OOPS Starting 2023-07-10 10:19:13 (UTC-0500)
Configuration input file is: sample_var.yaml
OOPS Starting 2023-07-10 10:19:13 (UTC-0500)
Configuration input file is: sample_var.yaml
OOPS Starting 2023-07-10 10:19:13 (UTC-0500)
Configuration input file is: sample_var.yaml
OOPS Starting 2023-07-10 10:19:13 (UTC-0500)
Configuration input file is: sample_var.yaml
OOPS Starting 2023-07-10 10:19:13 (UTC-0500)
Configuration input file is: sample_var.yaml
OOPS Starting 2023-07-10 10:19:13 (UTC-0500)
Configuration input file is: sample_var.yaml
OOPS Starting 2023-07-10 10:19:13 (UTC-0500)
Configuration input file is: sample_var.yaml
OOPS Starting 2023-07-10 10:19:13 (UTC-0500)
Configuration input file is: sample_var.yaml
OOPS Starting 2023-07-10 10:19:13 (UTC-0500)
Configuration input file is: sample_var.yaml
OOPS Starting 2023-07-10 10:19:13 (UTC-0500)
Configuration input file is: sample_var.yaml
OOPS Starting 2023-07-10 10:19:13 (UTC-0500)
Configuration input file is: sample_var.yaml
OOPS Starting 2023-07-10 10:19:13 (UTC-0500)
Configuration input file is: sample_var.yaml
OOPS Starting 2023-07-10 10:19:13 (UTC-0500)
Configuration input file is: sample_var.yaml
OOPS Starting 2023-07-10 10:19:13 (UTC-0500)
Configuration input file is: sample_var.yaml
Configuration input file is: sample_var.yaml
Configuration input file is: sample_var.yaml
Configuration input file is: sample_var.yaml
Configuration input file is: sample_var.yaml
Configuration input file is: sample_var.yaml
Configuration input file is: sample_var.yaml
OOPS Starting 2023-07-10 10:19:13 (UTC-0500)
Configuration input file is: sample_var.yaml
OOPS Starting 2023-07-10 10:19:13 (UTC-0500)
Configuration input file is: sample_var.yaml
OOPS Starting 2023-07-10 10:19:13 (UTC-0500)
Configuration input file is: sample_var.yaml
Configuration input file is: sample_var.yaml
OOPS Starting 2023-07-10 10:19:13 (UTC-0500)
Configuration input file is: sample_var.yaml
OOPS Starting 2023-07-10 10:19:13 (UTC-0500)
Configuration input file is: sample_var.yaml
OOPS Starting 2023-07-10 10:19:13 (UTC-0500)
Configuration input file is: sample_var.yaml
OOPS Starting 2023-07-10 10:19:13 (UTC-0500)
Configuration input file is: sample_var.yaml
OOPS Starting 2023-07-10 10:19:13 (UTC-0500)
Configuration input file is: sample_var.yaml
OOPS Starting 2023-07-10 10:19:13 (UTC-0500)
Configuration input file is: sample_var.yaml
OOPS Starting 2023-07-10 10:19:13 (UTC-0500)
Configuration input file is: sample_var.yaml
OOPS Starting 2023-07-10 10:19:13 (UTC-0500)
Configuration input file is: sample_var.yaml
OOPS Starting 2023-07-10 10:19:13 (UTC-0500)
Configuration input file is: sample_var.yaml
OOPS Starting 2023-07-10 10:19:13 (UTC-0500)
Configuration input file is: sample_var.yaml
OOPS Starting 2023-07-10 10:19:13 (UTC-0500)
Configuration input file is: sample_var.yaml
OOPS Starting 2023-07-10 10:19:13 (UTC-0500)
OOPS Starting 2023-07-10 10:19:13 (UTC-0500)
Configuration input file is: sample_var.yaml
OOPS Starting 2023-07-10 10:19:13 (UTC-0500)
OOPS Starting 2023-07-10 10:19:13 (UTC-0500)
Configuration input file is: sample_var.yaml
OOPS Starting 2023-07-10 10:19:13 (UTC-0500)
OOPS Starting 2023-07-10 10:19:13 (UTC-0500)
OOPS Starting 2023-07-10 10:19:13 (UTC-0500)
OOPS Starting 2023-07-10 10:19:13 (UTC-0500)
Configuration input file is: sample_var.yaml
OOPS Starting 2023-07-10 10:19:13 (UTC-0500)
Configuration input file is: sample_var.yaml
OOPS Starting 2023-07-10 10:19:13 (UTC-0500)
Configuration input file is: sample_var.yaml
OOPS Starting 2023-07-10 10:19:13 (UTC-0500)
Configuration input file is: sample_var.yaml
OOPS Starting 2023-07-10 10:19:13 (UTC-0500)
Configuration input file is: sample_var.yaml
OOPS Starting 2023-07-10 10:19:13 (UTC-0500)
Configuration input file is: sample_var.yaml
OOPS Starting 2023-07-10 10:19:13 (UTC-0500)
OOPS Starting 2023-07-10 10:19:13 (UTC-0500)
Configuration input file is: sample_var.yaml
OOPS Starting 2023-07-10 10:19:13 (UTC-0500)
Configuration input file is: sample_var.yaml
OOPS Starting 2023-07-10 10:19:13 (UTC-0500)
Configuration input file is: sample_var.yaml
OOPS Starting 2023-07-10 10:19:13 (UTC-0500)
OOPS Starting 2023-07-10 10:19:13 (UTC-0500)
Configuration input file is: sample_var.yaml
OOPS Starting 2023-07-10 10:19:13 (UTC-0500)
Configuration input file is: sample_var.yaml
OOPS Starting 2023-07-10 10:19:13 (UTC-0500)
Configuration input file is: sample_var.yaml
OOPS Starting 2023-07-10 10:19:13 (UTC-0500)
Full configuration is:YAMLConfiguration[path=sample_var.yaml, root={cost function => {cost type => 3D-Var , window begin => 2021-07-31T21:00:00Z , window length => PT6H , analysis variables => (ua,va,t,ps,sphum,ice_wat,liq_wat,o3mr) , geometry => {fms initialization => {namelist filename => ./fv3jedi/fmsmpp.nml , field table filename => ./fv3jedi/field_table} , akbk => ./fv3jedi/akbk.nc4 , layout => (6,6) , npx => 769 , npy => 769 , npz => 127 , field metadata override => ./fv3jedi/gfs-restart.yaml} , background => {datapath => ./bkg , filetype => fms restart , datetime => 2021-08-01T00:00:00Z , filename_core => 20210801.000000.fv_core.res.nc , filename_trcr => 20210801.000000.fv_tracer.res.nc , filename_sfcd => 20210801.000000.sfc_data.nc , filename_sfcw => 20210801.000000.fv_srf_wnd.res.nc , filename_cplr => 20210801.000000.coupler.res , state variables => (ua,va,t,delp,ps,sphum,ice_wat,liq_wat,o3mr,phis,slmsk,sheleg,tsea,vtype,stype,vfrac,stc,smc,snwdph,u_srf,v_srf,f10m)} , background error => {covariance model => SABER , full inverse => true , saber central block => {saber block name => gsi covariance , read => {gsi akbk => fv3jedi/akbk.nc4 , gsi error covariance file => berror/gsi-coeffs-gfs-global.nc4 , gsi berror namelist file => berror/gfs_gsi_global.nml , processor layout x direction => 18 , processor layout y direction => 12 , debugging mode => false}} , saber outer blocks => ({saber block name => gsi interpolation to model grid , gsi akbk => fv3jedi/akbk.nc4 , gsi error covariance file => berror/gsi-coeffs-gfs-global.nc4 , gsi berror namelist file => berror/gfs_gsi_global.nml , processor layout x direction => 18 , processor layout y direction => 12 , debugging mode => false}) , linear variable change => {linear variable change name => Control2Analysis , input variables => (eastward_wind,northward_wind,air_temperature,surface_pressure,specific_humidity,cloud_liquid_ice,cloud_liquid_water,mole_fraction_of_ozone_in_air) , output variables => (ua,va,t,ps,sphum,ice_wat,liq_wat,o3mr)}} , observations => {observers => ({obs space => {name => SingleOb , obsdatain => {engine => {type => H5File , obsfile => ./obs/singleob_v3.nc}} , obsdataout => {engine => {type => H5File , obsfile => ./diags/singleob_v3.nc}} , simulated variables => (airTemperature)} , obs operator => {name => VertInterp , vertical coordinate => air_pressure , observation vertical coordinate => pressure , observation vertical coordinate group => MetaData , interpolation method => log-linear}})}} , variational => {minimizer => {algorithm => DRIPCG} , iterations => ({ninner => 40 , gradient norm reduction => 1e-10 , test => true , geometry => {fms initialization => {namelist filename => ./fv3jedi/fmsmpp.nml , field table filename => ./fv3jedi/field_table} , akbk => ./fv3jedi/akbk.nc4 , layout => (6,6) , npx => 385 , npy => 385 , npz => 127 , field metadata override => ./fv3jedi/gfs-restart.yaml} , diagnostics => {departures => bkgmob} , online diagnostics => {write increment => true , increment => {filetype => fms restart , datapath => ./anl , prefix => iter2.3dvar.c24}}})} , final => {diagnostics => {departures => oman} , increment to latlon => {resolution in degrees => 5 , variables to output => (air_temperature,eastward_wind,northward_wind) , levels to output => (100,76,60) , datapath => ./analysis , filename prefix => latlon.inc.hyb-3dvar} , analysis to latlon => {resolution in degrees => 5 , variables to output => (air_temperature,eastward_wind,northward_wind) , levels to output => (100,76,60) , frequency => PT3H , datapath => ./analysis , filename prefix => latlon.an.hyb-3dvar}}}]
OOPS_STATS ObjectCountHelper started.
OOPS_STATS Run start                                - Runtime:      5.30 sec,  Memory: total:    45.57 Gb, per task: min =   208.15 Mb, max =   224.26 Mb
Run: Starting oops::Variational<FV3JEDI, UFO and IODA observations>
OOPS_STATS Variational start                        - Runtime:     5.30 sec,  Local Memory:   226.58 Mb
NOTE from PE     0: MPP_DOMAINS_SET_STACK_SIZE: stack size set to    32768.
 &MPP_IO_NML
 HEADER_BUFFER_VAL       =       16384,
 GLOBAL_FIELD_ON_ROOT_PE = T,
 IO_CLOCKS_ON    = F,
 SHUFFLE =           0,
 DEFLATE_LEVEL   =          -1,
 CF_COMPLIANCE   = F
 /
NOTE from PE     0: MPP_IO_SET_STACK_SIZE: stack size set to     131072.
NOTE from PE     0: MPP_DOMAINS_SET_STACK_SIZE: stack size set to 24000000.
 For k_split (remapping)=           1
n_split is set to 01 for resolution-dt=0769x0769x6-  300.000
Using n_sponge : 001
Using non_ortho :       T
 Starting PEs :          216
 Starting Threads :            2
 Cubic: cubed-sphere domain decomposition
whalo =    3, ehalo =    3, shalo =    3, nhalo =    3
  X-AXIS =  128 128 128 128 128 128
  Y-AXIS =  128 128 128 128 128 128
 Cubic: cubed-sphere domain decomposition
whalo =    3, ehalo =    3, shalo =    3, nhalo =    3
  X-AXIS =  128 128 128 128 128 128
  Y-AXIS =  128 128 128 128 128 128
 Cubic: cubed-sphere domain decomposition
whalo =    3, ehalo =    3, shalo =    3, nhalo =    3
  X-AXIS =  128 128 128 128 128 128
  Y-AXIS =  128 128 128 128 128 128
 Cubic: cubed-sphere domain decomposition
whalo =    3, ehalo =    3, shalo =    3, nhalo =    3
  X-AXIS =  128 128 128 128 128 128
  Y-AXIS =  128 128 128 128 128 128
 Cubic: cubed-sphere domain decomposition
whalo =    3, ehalo =    3, shalo =    3, nhalo =    3
  X-AXIS =  128 128 128 128 128 128
  Y-AXIS =  128 128 128 128 128 128
 Cubic: cubed-sphere domain decomposition
whalo =    3, ehalo =    3, shalo =    3, nhalo =    3
  X-AXIS =  128 128 128 128 128 128
  Y-AXIS =  128 128 128 128 128 128
 Cubic: cubed-sphere domain decomposition
whalo =    1, ehalo =    1, shalo =    1, nhalo =    1
  X-AXIS =  128 128 128 128 128 128
  Y-AXIS =  128 128 128 128 128 128
 Cubic: cubed-sphere domain decomposition
whalo =    1, ehalo =    1, shalo =    1, nhalo =    1
  X-AXIS =  128 128 128 128 128 128
  Y-AXIS =  128 128 128 128 128 128
 Cubic: cubed-sphere domain decomposition
whalo =    1, ehalo =    1, shalo =    1, nhalo =    1
  X-AXIS =  128 128 128 128 128 128
  Y-AXIS =  128 128 128 128 128 128
 Cubic: cubed-sphere domain decomposition
whalo =    1, ehalo =    1, shalo =    1, nhalo =    1
  X-AXIS =  128 128 128 128 128 128
  Y-AXIS =  128 128 128 128 128 128
 Cubic: cubed-sphere domain decomposition
whalo =    1, ehalo =    1, shalo =    1, nhalo =    1
  X-AXIS =  128 128 128 128 128 128
  Y-AXIS =  128 128 128 128 128 128
 Cubic: cubed-sphere domain decomposition
whalo =    1, ehalo =    1, shalo =    1, nhalo =    1
  X-AXIS =  128 128 128 128 128 128
  Y-AXIS =  128 128 128 128 128 128
 ncnst=           8  num_prog=           8  pnats=           0  dnats=
           0  num_family=           0
 
 Gird distance at face edge (km)=   10211.8341663570     
MAX    AREA (m*m): 0.20856239973372E+09          MIN AREA (m*m): 0.90412957446921E+08
GLOBAL AREA (m*m): 0.51009649658647E+15 IDEAL GLOBAL AREA (m*m): 0.51009649655132E+15
 
  Cubed-Sphere Grid Stats :          769 x         769 x           6
   10211.8341663506        14441.7020080713        72317.3113856570     
   10211.8341663506        14441.7020080713     
      Grid Length               : min:  10211.83 max:  14441.70 avg:  72317.31 min/max:      0.71
      Deviation from Orthogonal : min:      0.00 max:     29.94 avg:     53.09
      Aspect Ratio              : min:      1.00 max:      1.06 avg:      6.10
 
 var_gfs: computed model top (m)=   90.9884638254980       bottom/top dz=
   16.5238759044367        10122.8526831467     
 For (input) PINT=   75.0000000000000       KS=          43 pint(computed)=
   76.1270774775719     
 ptop =   1.00000000000000     
 KS=          43 PINT (mb)=   76.1270774775719     
           1  2.299870340230987E-002   10122.8526831467     
           2  5.807713615902607E-002   6326.78292696670     
           3  0.110789086252614        4487.08009004731     
           4  0.179073131189213        3373.74442860699     
           5  0.260423211451628        2677.57494333888     
           6  0.353726514094036        2231.31245278240     
           7  0.459448655244643        1940.27169807166     
           8  0.580025523792907        1763.88336188332     
           9  0.719691880533939        1657.78511455200     
          10  0.884864375690111        1612.63143438910     
          11   1.08184781811884        1568.70762100107     
          12   1.31547103082967        1525.98017607108     
          13   1.59105999917058        1484.41651368782     
          14   1.91445310729165        1443.98493549399     
          15   2.29201190413787        1404.65460651166     
          16   2.73062688774661        1366.39553162613     
          17   3.23771785968625        1329.17853271025     
          18   3.82122847689726        1292.97522637183     
          19   4.48961471426442        1257.75800230723     
          20   5.25182704591857        1223.50000224439     
          21   6.11728625425391        1190.17509945952     
          22   7.09585288050421        1157.75787885168     
          23   8.19779043692070        1126.22361756000     
          24   9.43372260561037        1095.54826610895     
          25   10.8145847504848        1065.70843006707     
          26   12.3515701642485        1036.68135220532     
          27   14.0560715598517        1008.44489514136     
          28   15.9396183935512        980.977524456579     
          29   18.0138106731671        954.258292272934     
          30   20.2902499591542        928.266821277171     
          31   22.7804683069122        902.983289180131     
          32   25.4958559259113        878.388413599347     
          33   28.4475883445917        854.463437353450     
          34   31.6465538698591        831.190114157052     
          35   35.1032821168508        808.550694705304     
          36   38.8278743593005        786.527913137455     
          37   42.8299364142957        765.104973869122     
          38   47.1185147287102        744.265538783191     
          39   51.7020362794515        723.993714769640     
          40   56.5882528373320        704.274041604709     
          41   61.7841900763523        685.091480160223     
          42   67.2961019379860        666.431400934071     
          43   73.1294305851670        648.279572893061     
          44   79.2887722045399        630.622152619711     
          45   85.7778488394930        613.445673754584     
          46   92.5994863617950        596.737036726248     
          47   99.7555986174313        580.483498760943     
          48   107.247177713467        564.672664164340     
          49   115.074290348294        549.292474868034     
          50   123.236080028138        534.331201233495     
          51   131.730774958791        519.777433106514     
          52   140.555701353505        505.620071115287     
          53   149.707301856236        491.848318205532     
          54   159.181158743946        478.451671406159     
          55   168.972021542610        465.419913819222     
          56   179.073838668687        452.743106828037     
          57   189.479792691109        440.411582517545     
          58   200.182338797836        428.415936301113     
          59   211.173246045558        416.747019748165     
          60   222.443640970727        405.395933607164     
          61   233.984053144325        394.354021018642     
          62   245.784462261275        383.612860913076     
          63   257.834346367504        373.164261588596     
          64   270.122730843163        363.000254463614     
          65   282.638237778606        353.113087999625     
          66   295.369135400268        343.495221789519     
          67   308.303387225806        334.139320806924     
          68   321.428700651644        325.038249812183     
          69   334.732574700691        316.185067910685     
          70   348.202346683342        307.573023259420     
          71   361.825237550449        299.195547917724     
          72   375.588395742457        291.046252838253     
          73   389.478939364134        283.118922994409     
          74   403.483996538943        275.407512640476     
          75   417.590743820979        267.906140700852     
          76   431.786442565283        260.609086284876     
          77   446.058473179160        253.510784323809     
          78   460.394367197701        246.605821326662     
          79   474.781837145962        239.888931251618     
          80   489.208804168177        233.354991489900     
          81   503.663423420843        226.999018959047     
          82   518.134107241549        220.816166302575     
          83   532.609546119055        214.801718193166     
          84   547.078727502308        208.951087736543     
          85   561.530952496855        203.259812973291     
          86   575.955850506592        197.723553475964     
          87   590.343391886918        192.338087038875     
          88   604.683898682275        187.099306458050     
          89   618.968053526781        182.003216398881     
          90   633.186906791310        177.045930349106     
          91   647.331882063962        172.223667654772     
          92   661.394780053497        167.532750636938     
          93   675.367781007122        162.969601786905     
          94   689.243445734930        158.530741037845     
          95   703.014715333570        154.212783110745     
          96   716.674909701310        150.012434932631     
          97   730.217724935652        145.926493125127     
          98   743.637229703176        141.951841561407     
          99   756.927860669321        138.085448989696     
         100   770.084417073499        134.324366721494     
         101   783.102054532269        130.665726382777     
         102   795.976278150376        127.106737726436     
         103   808.653371936263        122.683423253556     
         104   821.072756987867        118.260108780677     
         105   833.216472512040        113.836794307796     
         106   845.066753142085        109.413479834916     
         107   856.606071870864        104.990165362037     
         108   867.817182935137        100.566850889157     
         109   878.683164505506        96.1435364162764     
         110   889.187461035082        91.7202219433965     
         111   899.313925119381        87.2969074705165     
         112   909.046858719979        82.8735929976366     
         113   918.371053605177        78.4502785247565     
         114   927.271830862274        74.0269640518766     
         115   935.735079338108        69.6036495789966     
         116   943.747292867219        65.1803351061166     
         117   951.295606150359        60.7570206332367     
         118   958.367829150089        56.3337061603567     
         119   964.952479874857        51.9103916874766     
         120   971.038815428227        47.4870772145967     
         121   976.616861205781        43.0637627417167     
         122   981.677438128665        38.6404482688367     
         123   986.212187809718        34.2171337959567     
         124   990.213595555636        29.7938193230767     
         125   993.675011116558        25.3705048501967     
         126   996.590667102888        20.9471903773167     
         127   998.955694997978        16.5238759044367     
 Hybrid Sigma-P: minimum allowable surface pressure (hpa)=
   141.745234278430     
klev           ak           bk      p_ref
   1      1.00000      0.00000       1.00
   2      3.59974      0.00000       3.60
   3      8.01569      0.00000       8.02
   4     14.14213      0.00000      14.14
   5     21.67250      0.00000      21.67
   6     30.41215      0.00000      30.41
   7     40.33316      0.00000      40.33
   8     51.55657      0.00000      51.56
   9     64.44853      0.00000      64.45
  10     79.48985      0.00000      79.49
  11     97.48303      0.00000      97.48
  12    118.88653      0.00000     118.89
  13    144.20767      0.00000     144.21
  14    174.00433      0.00000     174.00
  15    208.88629      0.00000     208.89
  16    249.51609      0.00000     249.52
  17    296.60929      0.00000     296.61
  18    350.93428      0.00000     350.93
  19    413.31141      0.00000     413.31
  20    484.61153      0.00000     484.61
  21    565.75388      0.00000     565.75
  22    657.70337      0.00000     657.70
  23    761.46720      0.00000     761.47
  24    878.09088      0.00000     878.09
  25   1008.65364      0.00000    1008.65
  26   1154.26331      0.00000    1154.26
  27   1316.05072      0.00000    1316.05
  28   1495.16359      0.00000    1495.16
  29   1692.76009      0.00000    1692.76
  30   1910.00205      0.00000    1910.00
  31   2148.04795      0.00000    2148.05
  32   2408.04572      0.00000    2408.05
  33   2691.12547      0.00000    2691.13
  34   2998.39220      0.00000    2998.39
  35   3330.91857      0.00000    3330.92
  36   3689.73785      0.00000    3689.74
  37   4075.83702      0.00000    4075.84
  38   4490.15026      0.00000    4490.15
  39   4933.55269      0.00000    4933.55
  40   5406.85457      0.00000    5406.85
  41   5910.79600      0.00000    5910.80
  42   6446.04202      0.00000    6446.04
  43   7013.17837      0.00000    7013.18
  44   7612.70775      0.00000    7612.71
  45   8188.20957      0.00057    8245.05
  46   8688.98523      0.00222    8910.52
  47   9123.14474      0.00486    9609.37
  48   9497.72972      0.00844   10341.75
  49   9818.87219      0.01289   11107.69
  50  10091.92812      0.01815   11907.17
  51  10321.59001      0.02418   12740.05
  52  10511.98190      0.03094   13606.11
  53  10666.73989      0.03838   14505.03
  54  10789.08039      0.04647   15436.43
  55  10881.85808      0.05518   16399.80
  56  10947.61532      0.06447   17394.60
  57  10988.62422      0.07432   18420.17
  58  11006.92259      0.08469   19475.79
  59  11004.34472      0.09556   20560.68
  60  10982.54769      0.10691   21673.97
  61  10943.03398      0.11872   22814.76
  62  10887.17082      0.13095   23982.05
  63  10816.20693      0.14359   25174.84
  64  10731.28677      0.15661   26392.03
  65  10633.46298      0.16999   27632.51
  66  10523.70697      0.18371   28895.13
  67  10402.91811      0.19776   30178.69
  68  10271.93171      0.21210   31481.98
  69  10131.52578      0.22672   32803.76
  70   9982.42707      0.24160   34142.76
  71   9825.31611      0.25672   35497.71
  72   9660.83169      0.27207   36867.34
  73   9489.57472      0.28761   38250.34
  74   9312.11156      0.30333   39645.44
  75   9128.97697      0.31922   41051.35
  76   8940.67659      0.33526   42466.79
  77   8747.68917      0.35143   43890.49
  78   8550.46853      0.36771   45321.20
  79   8349.44523      0.38408   46757.67
  80   8145.02807      0.40054   48198.69
  81   7937.60538      0.41705   49643.07
  82   7727.54623      0.43362   51089.62
  83   7515.20141      0.45022   52537.20
  84   7300.90441      0.46684   53984.71
  85   7084.97219      0.48346   55431.04
  86   6867.70599      0.50007   56875.15
  87   6649.39198      0.51667   58316.02
  88   6430.30187      0.53322   59752.66
  89   6210.69353      0.54973   61184.12
  90   5990.81147      0.56619   62609.49
  91   5770.88738      0.58257   64027.89
  92   5551.14058      0.59887   65438.49
  93   5331.77847      0.61509   66840.47
  94   5112.99692      0.63120   68233.09
  95   4894.98071      0.64721   69615.60
  96   4677.90391      0.66309   70987.34
  97   4461.93021      0.67886   72347.64
  98   4247.21334      0.69449   73695.90
  99   4033.89738      0.70998   75031.54
 100   3822.11712      0.72532   76354.03
 101   3611.99836      0.74051   77662.85
 102   3403.65829      0.75554   78957.56
 103   3197.20576      0.77040   80237.70
 104   2994.34514      0.78499   81492.97
 105   2795.41189      0.79926   82721.58
 106   2600.73700      0.81321   83921.72
 107   2410.64631      0.82681   85091.63
 108   2225.45985      0.84004   86229.58
 109   2045.49121      0.85288   87333.85
 110   1871.04679      0.86532   88402.78
 111   1702.42520      0.87732   89434.71
 112   1539.91656      0.88888   90428.07
 113   1383.80185      0.89997   91381.30
 114   1234.35228      0.91059   92292.91
 115   1091.82866      0.92070   93161.46
 116    956.48076      0.93029   93985.56
 117    828.54677      0.93935   94763.90
 118    708.25266      0.94787   95495.22
 119    595.81169      0.95583   96178.34
 120    491.42386      0.96321   96812.15
 121    395.27541      0.97000   97395.61
 122    307.53840      0.97620   97927.76
 123    228.37020      0.98179   98407.73
 124    157.91319      0.98677   98834.71
 125     96.29433      0.99112   99208.01
 126     43.62485      0.99483   99526.99
 127     -0.00000      0.99791   99791.14
 128      0.00000      1.00000  100000.00
 Grid_init         127          43   1.00000000000000     
 Hybrid Sigma-P: minimum allowable surface pressure (hpa)=
   141.745234278430     
 Corner interpolation coefficient=   1.49914998344459     
 Corner interpolation coefficient=   1.49914998344488     
 Corner interpolation coefficient=   1.49914998344479     
 Corner interpolation coefficient=   1.49914998344498     
 Corner interpolation coefficient=   1.49914998344488     
 Corner interpolation coefficient=   1.49914998344469     
 da_max/da_min=   2.30677555101721     
 da_max_c/da_min_c=   2.30808553048304     
  
 Divergence damping Coefficients
 For small dt=   300.000000000000     
 External mode del-2 (m**2/s)=   6024.11724189548     
 Internal mode del-2 SMAG dimensionless coeff=  0.000000000000000E+000
 Internal mode del-2 background diff=  0.000000000000000E+000
 Internal mode del-4 background diff=  0.160000000000000     
 Vorticity del-4 (m**4/s)=  0.000000000000000E+000
 tracer del-2 diff=  0.000000000000000E+000
 Vorticity del-4 (m**4/s)=  0.000000000000000E+000
 beta=  0.000000000000000E+000
  
 cubic_grid domain decomposition
whalo =    3, ehalo =    3, shalo =    3, nhalo =    3
  X-AXIS =  128 128 128 128 128 128
  Y-AXIS =  128 128 128 128 128 128
 cubic_grid domain decomposition
whalo =    3, ehalo =    3, shalo =    3, nhalo =    3
  X-AXIS =  128 128 128 128 128 128
  Y-AXIS =  128 128 128 128 128 128
 cubic_grid domain decomposition
whalo =    3, ehalo =    3, shalo =    3, nhalo =    3
  X-AXIS =  128 128 128 128 128 128
  Y-AXIS =  128 128 128 128 128 128
 cubic_grid domain decomposition
whalo =    3, ehalo =    3, shalo =    3, nhalo =    3
  X-AXIS =  128 128 128 128 128 128
  Y-AXIS =  128 128 128 128 128 128
 cubic_grid domain decomposition
whalo =    3, ehalo =    3, shalo =    3, nhalo =    3
  X-AXIS =  128 128 128 128 128 128
  Y-AXIS =  128 128 128 128 128 128
 cubic_grid domain decomposition
whalo =    3, ehalo =    3, shalo =    3, nhalo =    3
  X-AXIS =  128 128 128 128 128 128
  Y-AXIS =  128 128 128 128 128 128
GeometryData: Global tree size = 3538944, footprint = 226492416
SingleOb: read database from ./obs/singleob_v3.nc (io pool size: 216)
SingleOb processed vars: 1 variables: airTemperature
SingleOb assimilated vars: 1 variables: airTemperature

WARNING from PE     0: The function named string has been moved from fms_io_mod to fms_mod.  Please update your call.


WARNING from PE     0: The function named string has been moved from fms_io_mod to fms_mod.  Please update your call.

NOTE from PE     0: MPP_IO_SET_STACK_SIZE: stack size set to    2080768.
All variables / channels are bias-corrected.
3DVar window: begin = 2021-07-31T21:00:00Z, end = 2021-08-01T03:00:00Z
 &NEST_NML
 DUM
 /
 &FV_NEST_NML
 GRID_PES,
 GRID_COARSE,
 TILE_COARSE,
 NEST_REFINE,
 NEST_IOFFSETS,
 NEST_JOFFSETS,
 P_SPLIT
 /
 &NEST_NML
 DUM
 /
 &FV_NEST_NML
 GRID_PES,
 GRID_COARSE,
 TILE_COARSE,
 NEST_REFINE,
 NEST_IOFFSETS,
 NEST_JOFFSETS,
 P_SPLIT
 /
OOPS_STATS IncrementalAssimilation start            - Runtime:    21.04 sec,  Local Memory:     1.06 Gb
Running incremental assimilation with 1 outer iterations.
Minimizer algorithm=DRIPCG
QNewtonLMP: maxouter : 1
IncrementalAssimilation: Configuration for outer iteration 0:
LocalConfiguration[root={ninner => 40 , gradient norm reduction => 1e-10 , test => true , geometry => {fms initialization => {namelist filename => ./fv3jedi/fmsmpp.nml , field table filename => ./fv3jedi/field_table} , akbk => ./fv3jedi/akbk.nc4 , layout => (6,6) , npx => 385 , npy => 385 , npz => 127 , field metadata override => ./fv3jedi/gfs-restart.yaml} , diagnostics => {departures => bkgmob} , online diagnostics => {write increment => true , increment => {filetype => fms restart , datapath => ./anl , prefix => iter2.3dvar.c24}} , iteration => 0}]
OOPS_STATS IncrementalAssimilation iteration 0      - Runtime:    21.04 sec,  Local Memory:     1.06 Gb
 &NEST_NML
 DUM
 /
 &FV_NEST_NML
 GRID_PES,
 GRID_COARSE,
 TILE_COARSE,
 NEST_REFINE,
 NEST_IOFFSETS,
 NEST_JOFFSETS,
 P_SPLIT
 /
 &NEST_NML
 DUM
 /
 &FV_NEST_NML
 GRID_PES,
 GRID_COARSE,
 TILE_COARSE,
 NEST_REFINE,
 NEST_IOFFSETS,
 NEST_JOFFSETS,
 P_SPLIT
 /
 &NEST_NML
 DUM
 /
 &FV_NEST_NML
 GRID_PES,
 GRID_COARSE,
 TILE_COARSE,
 NEST_REFINE,
 NEST_IOFFSETS,
 NEST_JOFFSETS,
 P_SPLIT
 /
 &NEST_NML
 DUM
 /
 &FV_NEST_NML
 GRID_PES,
 GRID_COARSE,
 TILE_COARSE,
 NEST_REFINE,
 NEST_IOFFSETS,
 NEST_JOFFSETS,
 P_SPLIT
 /
 &NEST_NML
 DUM
 /
 &FV_NEST_NML
 GRID_PES,
 GRID_COARSE,
 TILE_COARSE,
 NEST_REFINE,
 NEST_IOFFSETS,
 NEST_JOFFSETS,
 P_SPLIT
 /
 &NEST_NML
 DUM
 /
 &FV_NEST_NML
 GRID_PES,
 GRID_COARSE,
 TILE_COARSE,
 NEST_REFINE,
 NEST_IOFFSETS,
 NEST_JOFFSETS,
 P_SPLIT
 /
 &NEST_NML
 DUM
 /
 &FV_NEST_NML
 GRID_PES,
 GRID_COARSE,
 TILE_COARSE,
 NEST_REFINE,
 NEST_IOFFSETS,
 NEST_JOFFSETS,
 P_SPLIT
 /
 &NEST_NML
 DUM
 /
 &FV_NEST_NML
 GRID_PES,
 GRID_COARSE,
 TILE_COARSE,
 NEST_REFINE,
 NEST_IOFFSETS,
 NEST_JOFFSETS,
 P_SPLIT
 /
 &NEST_NML
 DUM
 /
 &FV_NEST_NML
 GRID_PES,
 GRID_COARSE,
 TILE_COARSE,
 NEST_REFINE,
 NEST_IOFFSETS,
 NEST_JOFFSETS,
 P_SPLIT
 /
 &NEST_NML
 DUM
 /
 &FV_NEST_NML
 GRID_PES,
 GRID_COARSE,
 TILE_COARSE,
 NEST_REFINE,
 NEST_IOFFSETS,
 NEST_JOFFSETS,
 P_SPLIT
 /
 &NEST_NML
 DUM
 /
 &FV_NEST_NML
 GRID_PES,
 GRID_COARSE,
 TILE_COARSE,
 NEST_REFINE,
 NEST_IOFFSETS,
 NEST_JOFFSETS,
 P_SPLIT
 /
 &NEST_NML
 DUM
 /
 &FV_NEST_NML
 GRID_PES,
 GRID_COARSE,
 TILE_COARSE,
 NEST_REFINE,
 NEST_IOFFSETS,
 NEST_JOFFSETS,
 P_SPLIT
 /
 &NEST_NML
 DUM
 /
 &FV_NEST_NML
 GRID_PES,
 GRID_COARSE,
 TILE_COARSE,
 NEST_REFINE,
 NEST_IOFFSETS,
 NEST_JOFFSETS,
 P_SPLIT
 /
 &NEST_NML
 DUM
 /
 &FV_NEST_NML
 GRID_PES,
 GRID_COARSE,
 TILE_COARSE,
 NEST_REFINE,
 NEST_IOFFSETS,
 NEST_JOFFSETS,
 P_SPLIT
 /
 &NEST_NML
 DUM
 /
 &FV_NEST_NML
 GRID_PES,
 GRID_COARSE,
 TILE_COARSE,
 NEST_REFINE,
 NEST_IOFFSETS,
 NEST_JOFFSETS,
 P_SPLIT
 /
 &NEST_NML
 DUM
 /
 &FV_NEST_NML
 GRID_PES,
 GRID_COARSE,
 TILE_COARSE,
 NEST_REFINE,
 NEST_IOFFSETS,
 NEST_JOFFSETS,
 P_SPLIT
 /
 &FV_GRID_NML
 GRID_NAME,
 GRID_FILE,
 MOSAIC_PATH
 /
 &FV_GRID_NML
 GRID_NAME,
 GRID_FILE,
 MOSAIC_PATH
 /
 &FV_GRID_NML
 GRID_NAME,
 GRID_FILE,
 MOSAIC_PATH
 /
 &FV_GRID_NML
 GRID_NAME,
 GRID_FILE,
 MOSAIC_PATH
 /
 &FV_GRID_NML
 GRID_NAME,
 GRID_FILE,
 MOSAIC_PATH
 /
 &FV_GRID_NML
 GRID_NAME,
 GRID_FILE,
 MOSAIC_PATH
 /
 &FV_GRID_NML
 GRID_NAME,
 GRID_FILE,
 MOSAIC_PATH
 /
 &FV_GRID_NML
 GRID_NAME,
 GRID_FILE,
 MOSAIC_PATH
 /
 &FV_GRID_NML
 GRID_NAME,
 GRID_FILE,
 MOSAIC_PATH
 /
 &FV_GRID_NML
 GRID_NAME,
 GRID_FILE,
 MOSAIC_PATH
 /
 &FV_GRID_NML
 GRID_NAME,
 GRID_FILE,
 MOSAIC_PATH
 /
 &TEST_CASE_NML
 TEST_CASE,
 BUBBLE_DO,
 ALPHA,
 NSOLITONS,
 SOLITON_UMAX,
 SOLITON_SIZE
 /
 &FV_GRID_NML
 GRID_NAME,
 GRID_FILE,
 MOSAIC_PATH
 /
 &FV_GRID_NML
 GRID_NAME,
 GRID_FILE,
 MOSAIC_PATH
 /
 &FV_GRID_NML
 GRID_NAME,
 GRID_FILE,
 MOSAIC_PATH
 /
 &FV_GRID_NML
 GRID_NAME,
 GRID_FILE,
 MOSAIC_PATH
 /
 &FV_GRID_NML
 GRID_NAME,
 GRID_FILE,
 MOSAIC_PATH
 /
 &FV_GRID_NML
 GRID_NAME,
 GRID_FILE,
 MOSAIC_PATH
 /
 &FV_GRID_NML
 GRID_NAME,
 GRID_FILE,
 MOSAIC_PATH
 /
 &TEST_CASE_NML
 TEST_CASE,
 BUBBLE_DO,
 ALPHA,
 NSOLITONS,
 SOLITON_UMAX,
 SOLITON_SIZE
 /
 &TEST_CASE_NML
 TEST_CASE,
 BUBBLE_DO,
 ALPHA,
 NSOLITONS,
 SOLITON_UMAX,
 SOLITON_SIZE
 /
 &TEST_CASE_NML
 TEST_CASE,
 BUBBLE_DO,
 ALPHA,
 NSOLITONS,
 SOLITON_UMAX,
 SOLITON_SIZE
 /
 &TEST_CASE_NML
 TEST_CASE,
 BUBBLE_DO,
 ALPHA,
 NSOLITONS,
 SOLITON_UMAX,
 SOLITON_SIZE
 /
 &TEST_CASE_NML
 TEST_CASE,
 BUBBLE_DO,
 ALPHA,
 NSOLITONS,
 SOLITON_UMAX,
 SOLITON_SIZE
 /
 &TEST_CASE_NML
 TEST_CASE,
 BUBBLE_DO,
 ALPHA,
 NSOLITONS,
 SOLITON_UMAX,
 SOLITON_SIZE
 /
 &TEST_CASE_NML
 TEST_CASE,
 BUBBLE_DO,
 ALPHA,
 NSOLITONS,
 SOLITON_UMAX,
 SOLITON_SIZE
 /
 &TEST_CASE_NML
 TEST_CASE,
 BUBBLE_DO,
 ALPHA,
 NSOLITONS,
 SOLITON_UMAX,
 SOLITON_SIZE
 /
 &TEST_CASE_NML
 TEST_CASE,
 BUBBLE_DO,
 ALPHA,
 NSOLITONS,
 SOLITON_UMAX,
 SOLITON_SIZE
 /
 &TEST_CASE_NML
 TEST_CASE,
 BUBBLE_DO,
 ALPHA,
 NSOLITONS,
 SOLITON_UMAX,
 SOLITON_SIZE
 /
 &TEST_CASE_NML
 TEST_CASE,
 BUBBLE_DO,
 ALPHA,
 NSOLITONS,
 SOLITON_UMAX,
 SOLITON_SIZE
 /
 &TEST_CASE_NML
 TEST_CASE,
 BUBBLE_DO,
 ALPHA,
 NSOLITONS,
 SOLITON_UMAX,
 SOLITON_SIZE
 /
 &TEST_CASE_NML
 TEST_CASE,
 BUBBLE_DO,
 ALPHA,
 NSOLITONS,
 SOLITON_UMAX,
 SOLITON_SIZE
 /
 &TEST_CASE_NML
 TEST_CASE,
 BUBBLE_DO,
 ALPHA,
 NSOLITONS,
 SOLITON_UMAX,
 SOLITON_SIZE
 /
 &TEST_CASE_NML
 TEST_CASE,
 BUBBLE_DO,
 ALPHA,
 NSOLITONS,
 SOLITON_UMAX,
 SOLITON_SIZE
 /
 &TEST_CASE_NML
 TEST_CASE,
 BUBBLE_DO,
 ALPHA,
 NSOLITONS,
 SOLITON_UMAX,
 SOLITON_SIZE
 /
 &TEST_CASE_NML
 TEST_CASE,
 BUBBLE_DO,
 ALPHA,
 NSOLITONS,
 SOLITON_UMAX,
 SOLITON_SIZE
 /
 For k_split (remapping)=           1
n_split is set to 01 for resolution-dt=0385x0385x6-  300.000
Using n_sponge : 001
Using non_ortho :       T
 Starting PEs :          216
 Starting Threads :            2
 Cubic: cubed-sphere domain decomposition
 Cubic: cubed-sphere domain decomposition
 Cubic: cubed-sphere domain decomposition
whalo =    3, ehalo =    3, shalo =    3, nhalo =    3
whalo =    3, ehalo =    3, shalo =    3, nhalo =    3
 Cubic: cubed-sphere domain decomposition
whalo =    3, ehalo =    3, shalo =    3, nhalo =    3
  X-AXIS =   64  64  64  64  64  64
whalo =    3, ehalo =    3, shalo =    3, nhalo =    3
  X-AXIS =   64  64  64  64  64  64
  X-AXIS =   64  64  64  64  64  64
  Y-AXIS =   64  64  64  64  64  64
  X-AXIS =   64  64  64  64  64  64
  Y-AXIS =   64  64  64  64  64  64
  Y-AXIS =   64  64  64  64  64  64
  Y-AXIS =   64  64  64  64  64  64
 Cubic: cubed-sphere domain decomposition
whalo =    3, ehalo =    3, shalo =    3, nhalo =    3
 Cubic: cubed-sphere domain decomposition
  X-AXIS =   64  64  64  64  64  64
  Y-AXIS =   64  64  64  64  64  64
whalo =    3, ehalo =    3, shalo =    3, nhalo =    3
  X-AXIS =   64  64  64  64  64  64
  Y-AXIS =   64  64  64  64  64  64
 Cubic: cubed-sphere domain decomposition
 Cubic: cubed-sphere domain decomposition
 Cubic: cubed-sphere domain decomposition
whalo =    1, ehalo =    1, shalo =    1, nhalo =    1
whalo =    1, ehalo =    1, shalo =    1, nhalo =    1
 Cubic: cubed-sphere domain decomposition
whalo =    1, ehalo =    1, shalo =    1, nhalo =    1
  X-AXIS =   64  64  64  64  64  64
  X-AXIS =   64  64  64  64  64  64
whalo =    1, ehalo =    1, shalo =    1, nhalo =    1
  X-AXIS =   64  64  64  64  64  64
  Y-AXIS =   64  64  64  64  64  64
  Y-AXIS =   64  64  64  64  64  64
  X-AXIS =   64  64  64  64  64  64
  Y-AXIS =   64  64  64  64  64  64
 Cubic: cubed-sphere domain decomposition
  Y-AXIS =   64  64  64  64  64  64
whalo =    1, ehalo =    1, shalo =    1, nhalo =    1
  X-AXIS =   64  64  64  64  64  64
  Y-AXIS =   64  64  64  64  64  64
 Cubic: cubed-sphere domain decomposition
whalo =    1, ehalo =    1, shalo =    1, nhalo =    1
  X-AXIS =   64  64  64  64  64  64
  Y-AXIS =   64  64  64  64  64  64
 ncnst=           8  num_prog=           8  pnats=           0  dnats=
           0  num_family=           0
 
 Gird distance at face edge (km)=   20423.6683327115     
MAX    AREA (m*m): 0.83424102617308E+09          MIN AREA (m*m): 0.36206275657188E+09
GLOBAL AREA (m*m): 0.51009649656010E+15 IDEAL GLOBAL AREA (m*m): 0.51009649655132E+15
 
  Cubed-Sphere Grid Stats :          385 x         385 x           6
   20423.6683327058        28883.3298147678        144647.099517218     
   20423.6683327058        28883.3298147678     
      Grid Length               : min:  20423.67 max:  28883.33 avg: 144647.10 min/max:      0.71
      Deviation from Orthogonal : min:      0.00 max:     29.89 avg:     53.06
      Aspect Ratio              : min:      1.00 max:      1.06 avg:      6.10
 
 var_gfs: computed model top (m)=   90.9884638254980       bottom/top dz=
   16.5238759044367        10122.8526831467     
 For (input) PINT=   75.0000000000000       KS=          43 pint(computed)=
   76.1270774775719     
 ptop =   1.00000000000000     
 KS=          43 PINT (mb)=   76.1270774775719     
           1  2.299870340230987E-002   10122.8526831467     
           2  5.807713615902607E-002   6326.78292696670     
           3  0.110789086252614        4487.08009004731     
           4  0.179073131189213        3373.74442860699     
           5  0.260423211451628        2677.57494333888     
           6  0.353726514094036        2231.31245278240     
           7  0.459448655244643        1940.27169807166     
           8  0.580025523792907        1763.88336188332     
           9  0.719691880533939        1657.78511455200     
          10  0.884864375690111        1612.63143438910     
          11   1.08184781811884        1568.70762100107     
          12   1.31547103082967        1525.98017607108     
          13   1.59105999917058        1484.41651368782     
          14   1.91445310729165        1443.98493549399     
          15   2.29201190413787        1404.65460651166     
          16   2.73062688774661        1366.39553162613     
          17   3.23771785968625        1329.17853271025     
          18   3.82122847689726        1292.97522637183     
          19   4.48961471426442        1257.75800230723     
          20   5.25182704591857        1223.50000224439     
          21   6.11728625425391        1190.17509945952     
          22   7.09585288050421        1157.75787885168     
          23   8.19779043692070        1126.22361756000     
          24   9.43372260561037        1095.54826610895     
          25   10.8145847504848        1065.70843006707     
          26   12.3515701642485        1036.68135220532     
          27   14.0560715598517        1008.44489514136     
          28   15.9396183935512        980.977524456579     
          29   18.0138106731671        954.258292272934     
          30   20.2902499591542        928.266821277171     
          31   22.7804683069122        902.983289180131     
          32   25.4958559259113        878.388413599347     
          33   28.4475883445917        854.463437353450     
          34   31.6465538698591        831.190114157052     
          35   35.1032821168508        808.550694705304     
          36   38.8278743593005        786.527913137455     
          37   42.8299364142957        765.104973869122     
          38   47.1185147287102        744.265538783191     
          39   51.7020362794515        723.993714769640     
          40   56.5882528373320        704.274041604709     
          41   61.7841900763523        685.091480160223     
          42   67.2961019379860        666.431400934071     
          43   73.1294305851670        648.279572893061     
          44   79.2887722045399        630.622152619711     
          45   85.7778488394930        613.445673754584     
          46   92.5994863617950        596.737036726248     
          47   99.7555986174313        580.483498760943     
          48   107.247177713467        564.672664164340     
          49   115.074290348294        549.292474868034     
          50   123.236080028138        534.331201233495     
          51   131.730774958791        519.777433106514     
          52   140.555701353505        505.620071115287     
          53   149.707301856236        491.848318205532     
          54   159.181158743946        478.451671406159     
          55   168.972021542610        465.419913819222     
          56   179.073838668687        452.743106828037     
          57   189.479792691109        440.411582517545     
          58   200.182338797836        428.415936301113     
          59   211.173246045558        416.747019748165     
          60   222.443640970727        405.395933607164     
          61   233.984053144325        394.354021018642     
          62   245.784462261275        383.612860913076     
          63   257.834346367504        373.164261588596     
          64   270.122730843163        363.000254463614     
          65   282.638237778606        353.113087999625     
          66   295.369135400268        343.495221789519     
          67   308.303387225806        334.139320806924     
          68   321.428700651644        325.038249812183     
          69   334.732574700691        316.185067910685     
          70   348.202346683342        307.573023259420     
          71   361.825237550449        299.195547917724     
          72   375.588395742457        291.046252838253     
          73   389.478939364134        283.118922994409     
          74   403.483996538943        275.407512640476     
          75   417.590743820979        267.906140700852     
 Corner interpolation coefficient=   1.49829998332023     
          76   431.786442565283        260.609086284876     
          77   446.058473179160        253.510784323809     
          78   460.394367197701        246.605821326662     
          79   474.781837145962        239.888931251618     
          80   489.208804168177        233.354991489900     
          81   503.663423420843        226.999018959047     
          82   518.134107241549        220.816166302575     
          83   532.609546119055        214.801718193166     
          84   547.078727502308        208.951087736543     
          85   561.530952496855        203.259812973291     
          86   575.955850506592        197.723553475964     
          87   590.343391886918        192.338087038875     
          88   604.683898682275        187.099306458050     
          89   618.968053526781        182.003216398881     
          90   633.186906791310        177.045930349106     
          91   647.331882063962        172.223667654772     
          92   661.394780053497        167.532750636938     
          93   675.367781007122        162.969601786905     
          94   689.243445734930        158.530741037845     
          95   703.014715333570        154.212783110745     
          96   716.674909701310        150.012434932631     
          97   730.217724935652        145.926493125127     
          98   743.637229703176        141.951841561407     
          99   756.927860669321        138.085448989696     
         100   770.084417073499        134.324366721494     
         101   783.102054532269        130.665726382777     
         102   795.976278150376        127.106737726436     
         103   808.653371936263        122.683423253556     
         104   821.072756987867        118.260108780677     
         105   833.216472512040        113.836794307796     
         106   845.066753142085        109.413479834916     
         107   856.606071870864        104.990165362037     
         108   867.817182935137        100.566850889157     
         109   878.683164505506        96.1435364162764     
         110   889.187461035082        91.7202219433965     
         111   899.313925119381        87.2969074705165     
         112   909.046858719979        82.8735929976366     
         113   918.371053605177        78.4502785247565     
         114   927.271830862274        74.0269640518766     
         115   935.735079338108        69.6036495789966     
         116   943.747292867219        65.1803351061166     
         117   951.295606150359        60.7570206332367     
         118   958.367829150089        56.3337061603567     
         119   964.952479874857        51.9103916874766     
         120   971.038815428227        47.4870772145967     
         121   976.616861205781        43.0637627417167     
         122   981.677438128665        38.6404482688367     
         123   986.212187809718        34.2171337959567     
         124   990.213595555636        29.7938193230767     
         125   993.675011116558        25.3705048501967     
         126   996.590667102888        20.9471903773167     
         127   998.955694997978        16.5238759044367     
 Hybrid Sigma-P: minimum allowable surface pressure (hpa)=
   141.745234278430     
klev           ak           bk      p_ref
   1      1.00000      0.00000       1.00
   2      3.59974      0.00000       3.60
   3      8.01569      0.00000       8.02
   4     14.14213      0.00000      14.14
   5     21.67250      0.00000      21.67
   6     30.41215      0.00000      30.41
   7     40.33316      0.00000      40.33
   8     51.55657      0.00000      51.56
   9     64.44853      0.00000      64.45
  10     79.48985      0.00000      79.49
  11     97.48303      0.00000      97.48
  12    118.88653      0.00000     118.89
  13    144.20767      0.00000     144.21
  14    174.00433      0.00000     174.00
  15    208.88629      0.00000     208.89
  16    249.51609      0.00000     249.52
  17    296.60929      0.00000     296.61
  18    350.93428      0.00000     350.93
  19    413.31141      0.00000     413.31
  20    484.61153      0.00000     484.61
  21    565.75388      0.00000     565.75
  22    657.70337      0.00000     657.70
  23    761.46720      0.00000     761.47
  24    878.09088      0.00000     878.09
  25   1008.65364      0.00000    1008.65
  26   1154.26331      0.00000    1154.26
  27   1316.05072      0.00000    1316.05
  28   1495.16359      0.00000    1495.16
  29   1692.76009      0.00000    1692.76
  30   1910.00205      0.00000    1910.00
  31   2148.04795      0.00000    2148.05
  32   2408.04572      0.00000    2408.05
  33   2691.12547      0.00000    2691.13
  34   2998.39220      0.00000    2998.39
  35   3330.91857      0.00000    3330.92
  36   3689.73785      0.00000    3689.74
  37   4075.83702      0.00000    4075.84
  38   4490.15026      0.00000    4490.15
  39   4933.55269      0.00000    4933.55
  40   5406.85457      0.00000    5406.85
  41   5910.79600      0.00000    5910.80
  42   6446.04202      0.00000    6446.04
  43   7013.17837      0.00000    7013.18
  44   7612.70775      0.00000    7612.71
  45   8188.20957      0.00057    8245.05
  46   8688.98523      0.00222    8910.52
  47   9123.14474      0.00486    9609.37
  48   9497.72972      0.00844   10341.75
  49   9818.87219      0.01289   11107.69
  50  10091.92812      0.01815   11907.17
  51  10321.59001      0.02418   12740.05
  52  10511.98190      0.03094   13606.11
  53  10666.73989      0.03838   14505.03
  54  10789.08039      0.04647   15436.43
  55  10881.85808      0.05518   16399.80
  56  10947.61532      0.06447   17394.60
  57  10988.62422      0.07432   18420.17
  58  11006.92259      0.08469   19475.79
  59  11004.34472      0.09556   20560.68
  60  10982.54769      0.10691   21673.97
  61  10943.03398      0.11872   22814.76
  62  10887.17082      0.13095   23982.05
  63  10816.20693      0.14359   25174.84
  64  10731.28677      0.15661   26392.03
  65  10633.46298      0.16999   27632.51
  66  10523.70697      0.18371   28895.13
  67  10402.91811      0.19776   30178.69
  68  10271.93171      0.21210   31481.98
  69  10131.52578      0.22672   32803.76
  70   9982.42707      0.24160   34142.76
  71   9825.31611      0.25672   35497.71
  72   9660.83169      0.27207   36867.34
  73   9489.57472      0.28761   38250.34
  74   9312.11156      0.30333   39645.44
  75   9128.97697      0.31922   41051.35
  76   8940.67659      0.33526   42466.79
  77   8747.68917      0.35143   43890.49
  78   8550.46853      0.36771   45321.20
  79   8349.44523      0.38408   46757.67
  80   8145.02807      0.40054   48198.69
  81   7937.60538      0.41705   49643.07
  82   7727.54623      0.43362   51089.62
  83   7515.20141      0.45022   52537.20
 Corner interpolation coefficient=   1.49829998332002     
  84   7300.90441      0.46684   53984.71
  85   7084.97219      0.48346   55431.04
  86   6867.70599      0.50007   56875.15
  87   6649.39198      0.51667   58316.02
  88   6430.30187      0.53322   59752.66
  89   6210.69353      0.54973   61184.12
  90   5990.81147      0.56619   62609.49
  91   5770.88738      0.58257   64027.89
  92   5551.14058      0.59887   65438.49
  93   5331.77847      0.61509   66840.47
  94   5112.99692      0.63120   68233.09
  95   4894.98071      0.64721   69615.60
  96   4677.90391      0.66309   70987.34
  97   4461.93021      0.67886   72347.64
  98   4247.21334      0.69449   73695.90
  99   4033.89738      0.70998   75031.54
 100   3822.11712      0.72532   76354.03
 101   3611.99836      0.74051   77662.85
 102   3403.65829      0.75554   78957.56
 103   3197.20576      0.77040   80237.70
 104   2994.34514      0.78499   81492.97
 105   2795.41189      0.79926   82721.58
 106   2600.73700      0.81321   83921.72
 107   2410.64631      0.82681   85091.63
 108   2225.45985      0.84004   86229.58
 109   2045.49121      0.85288   87333.85
 110   1871.04679      0.86532   88402.78
 111   1702.42520      0.87732   89434.71
 112   1539.91656      0.88888   90428.07
 113   1383.80185      0.89997   91381.30
 114   1234.35228      0.91059   92292.91
 115   1091.82866      0.92070   93161.46
 116    956.48076      0.93029   93985.56
 117    828.54677      0.93935   94763.90
 118    708.25266      0.94787   95495.22
 119    595.81169      0.95583   96178.34
 120    491.42386      0.96321   96812.15
 121    395.27541      0.97000   97395.61
 122    307.53840      0.97620   97927.76
 123    228.37020      0.98179   98407.73
 124    157.91319      0.98677   98834.71
 125     96.29433      0.99112   99208.01
 126     43.62485      0.99483   99526.99
 127     -0.00000      0.99791   99791.14
 128      0.00000      1.00000  100000.00
 Grid_init         127          43   1.00000000000000     
 Hybrid Sigma-P: minimum allowable surface pressure (hpa)=
   141.745234278430     
 Corner interpolation coefficient=   1.49829998332003     
 Corner interpolation coefficient=   1.49829998332017     
 Corner interpolation coefficient=   1.49829998332030     
 Corner interpolation coefficient=   1.49829998332012     
 da_max/da_min=   2.30413377523808     
 da_max_c/da_min_c=   2.30675628536704     
  
 Divergence damping Coefficients
 For small dt=   300.000000000000     
 External mode del-2 (m**2/s)=   24110.1994687789     
 Internal mode del-2 SMAG dimensionless coeff=  0.000000000000000E+000
 Internal mode del-2 background diff=  0.000000000000000E+000
 Internal mode del-4 background diff=  0.160000000000000     
 Vorticity del-4 (m**4/s)=  0.000000000000000E+000
 tracer del-2 diff=  0.000000000000000E+000
 Vorticity del-4 (m**4/s)=  0.000000000000000E+000
 beta=  0.000000000000000E+000
  
 cubic_grid domain decomposition
whalo =    3, ehalo =    3, shalo =    3, nhalo =    3
  X-AXIS =   64  64  64  64  64  64
  Y-AXIS =   64  64  64  64  64  64
 cubic_grid domain decomposition
whalo =    3, ehalo =    3, shalo =    3, nhalo =    3
  X-AXIS =   64  64  64  64  64  64
  Y-AXIS =   64  64  64  64  64  64
 cubic_grid domain decomposition
whalo =    3, ehalo =    3, shalo =    3, nhalo =    3
  X-AXIS =   64  64  64  64  64  64
  Y-AXIS =   64  64  64  64  64  64
 cubic_grid domain decomposition
whalo =    3, ehalo =    3, shalo =    3, nhalo =    3
  X-AXIS =   64  64  64  64  64  64
  Y-AXIS =   64  64  64  64  64  64
 cubic_grid domain decomposition
whalo =    3, ehalo =    3, shalo =    3, nhalo =    3
  X-AXIS =   64  64  64  64  64  64
  Y-AXIS =   64  64  64  64  64  64
 cubic_grid domain decomposition
whalo =    3, ehalo =    3, shalo =    3, nhalo =    3
  X-AXIS =   64  64  64  64  64  64
  Y-AXIS =   64  64  64  64  64  64
GeometryData: Global tree size = 884736, footprint = 56623104
srun: Force Terminated job 12233115
srun: Job step aborted: Waiting up to 32 seconds for job step to finish.
slurmstepd: error: *** STEP 12233115.0 ON Orion-06-60 CANCELLED AT 2023-07-10T10:20:13 ***
srun: error: Orion-06-60: task 3: Terminated
srun: launch/slurm: _step_signal: Terminating StepId=12233115.0
srun: error: Orion-06-63: task 109: Terminated
srun: error: Orion-06-60: tasks 0-2,4-35: Terminated
srun: error: Orion-06-64: tasks 144-179: Terminated
srun: error: Orion-06-62: tasks 72-107: Terminated
srun: error: Orion-06-65: tasks 180-215: Terminated
srun: error: Orion-06-63: tasks 108,110-143: Terminated
srun: error: Orion-06-61: tasks 36-71: Terminated
